<?xml version="1.0" encoding="UTF-8"?>
<!-- Generated by org.testng.reporters.JUnitReportReporter -->
<testsuite hostname="biagimac.local" name="io.swagger.codegen.DefaultGeneratorTest" tests="1" failures="0" timestamp="28 May 2019 10:40:13 GMT" time="0.596" errors="0">
  <testcase name="testSkipOverwrite" time="0.596" classname="io.swagger.codegen.DefaultGeneratorTest"/>
</testsuite> <!-- io.swagger.codegen.DefaultGeneratorTest -->
