<?xml version="1.0" encoding="UTF-8"?>
<!-- Generated by org.testng.reporters.JUnitReportReporter -->
<testsuite hostname="biagimac.local" name="io.swagger.codegen.CodegenConfigLoaderTest" tests="60" failures="0" timestamp="28 May 2019 10:40:13 GMT" time="0.087" errors="0">
  <testcase name="testLoadByFullQualifiedName" time="0.001" classname="io.swagger.codegen.CodegenConfigLoaderTest"/>
  <testcase name="testLoadByName" time="0.001" classname="io.swagger.codegen.CodegenConfigLoaderTest"/>
  <testcase name="testLoadByFullQualifiedName" time="0.006" classname="io.swagger.codegen.CodegenConfigLoaderTest"/>
  <testcase name="testLoadByName" time="0.001" classname="io.swagger.codegen.CodegenConfigLoaderTest"/>
  <testcase name="testLoadByFullQualifiedName" time="0.001" classname="io.swagger.codegen.CodegenConfigLoaderTest"/>
  <testcase name="testLoadByFullQualifiedName" time="0.001" classname="io.swagger.codegen.CodegenConfigLoaderTest"/>
  <testcase name="testLoadByFullQualifiedName" time="0.001" classname="io.swagger.codegen.CodegenConfigLoaderTest"/>
  <testcase name="testLoadByFullQualifiedName" time="0.001" classname="io.swagger.codegen.CodegenConfigLoaderTest"/>
  <testcase name="testLoadByName" time="0.001" classname="io.swagger.codegen.CodegenConfigLoaderTest"/>
  <testcase name="testLoadByName" time="0.001" classname="io.swagger.codegen.CodegenConfigLoaderTest"/>
  <testcase name="testLoadByFullQualifiedName" time="0.001" classname="io.swagger.codegen.CodegenConfigLoaderTest"/>
  <testcase name="testLoadByFullQualifiedName" time="0.002" classname="io.swagger.codegen.CodegenConfigLoaderTest"/>
  <testcase name="testLoadByFullQualifiedName" time="0.001" classname="io.swagger.codegen.CodegenConfigLoaderTest"/>
  <testcase name="testLoadByFullQualifiedName" time="0.001" classname="io.swagger.codegen.CodegenConfigLoaderTest"/>
  <testcase name="testLoadByName" time="0.001" classname="io.swagger.codegen.CodegenConfigLoaderTest"/>
  <testcase name="testLoadByName" time="0.001" classname="io.swagger.codegen.CodegenConfigLoaderTest"/>
  <testcase name="testLoadByName" time="0.001" classname="io.swagger.codegen.CodegenConfigLoaderTest"/>
  <testcase name="testLoadByFullQualifiedName" time="0.001" classname="io.swagger.codegen.CodegenConfigLoaderTest"/>
  <testcase name="testLoadByName" time="0.001" classname="io.swagger.codegen.CodegenConfigLoaderTest"/>
  <testcase name="testLoadByName" time="0.001" classname="io.swagger.codegen.CodegenConfigLoaderTest"/>
  <testcase name="testLoadByName" time="0.001" classname="io.swagger.codegen.CodegenConfigLoaderTest"/>
  <testcase name="testLoadByName" time="0.000" classname="io.swagger.codegen.CodegenConfigLoaderTest"/>
  <testcase name="testLoadByName" time="0.001" classname="io.swagger.codegen.CodegenConfigLoaderTest"/>
  <testcase name="testLoadByName" time="0.001" classname="io.swagger.codegen.CodegenConfigLoaderTest"/>
  <testcase name="testLoadByFullQualifiedName" time="0.001" classname="io.swagger.codegen.CodegenConfigLoaderTest"/>
  <testcase name="testLoadByName" time="0.001" classname="io.swagger.codegen.CodegenConfigLoaderTest"/>
  <testcase name="testLoadByFullQualifiedName" time="0.001" classname="io.swagger.codegen.CodegenConfigLoaderTest"/>
  <testcase name="testLoadByFullQualifiedName" time="0.001" classname="io.swagger.codegen.CodegenConfigLoaderTest"/>
  <testcase name="testLoadByFullQualifiedName" time="0.002" classname="io.swagger.codegen.CodegenConfigLoaderTest"/>
  <testcase name="testLoadByFullQualifiedName" time="0.001" classname="io.swagger.codegen.CodegenConfigLoaderTest"/>
  <testcase name="testLoadByName" time="0.001" classname="io.swagger.codegen.CodegenConfigLoaderTest"/>
  <testcase name="testLoadByFullQualifiedName" time="0.003" classname="io.swagger.codegen.CodegenConfigLoaderTest"/>
  <testcase name="testLoadByFullQualifiedName" time="0.001" classname="io.swagger.codegen.CodegenConfigLoaderTest"/>
  <testcase name="testLoadByFullQualifiedName" time="0.002" classname="io.swagger.codegen.CodegenConfigLoaderTest"/>
  <testcase name="testLoadByFullQualifiedName" time="0.001" classname="io.swagger.codegen.CodegenConfigLoaderTest"/>
  <testcase name="testLoadByFullQualifiedName" time="0.002" classname="io.swagger.codegen.CodegenConfigLoaderTest"/>
  <testcase name="testLoadByName" time="0.000" classname="io.swagger.codegen.CodegenConfigLoaderTest"/>
  <testcase name="testLoadByFullQualifiedName" time="0.010" classname="io.swagger.codegen.CodegenConfigLoaderTest"/>
  <testcase name="testLoadByName" time="0.001" classname="io.swagger.codegen.CodegenConfigLoaderTest"/>
  <testcase name="testLoadByFullQualifiedName" time="0.001" classname="io.swagger.codegen.CodegenConfigLoaderTest"/>
  <testcase name="testLoadByName" time="0.001" classname="io.swagger.codegen.CodegenConfigLoaderTest"/>
  <testcase name="testLoadByFullQualifiedName" time="0.007" classname="io.swagger.codegen.CodegenConfigLoaderTest"/>
  <testcase name="testLoadByName" time="0.000" classname="io.swagger.codegen.CodegenConfigLoaderTest"/>
  <testcase name="testLoadByName" time="0.000" classname="io.swagger.codegen.CodegenConfigLoaderTest"/>
  <testcase name="testLoadByFullQualifiedName" time="0.001" classname="io.swagger.codegen.CodegenConfigLoaderTest"/>
  <testcase name="testLoadByName" time="0.000" classname="io.swagger.codegen.CodegenConfigLoaderTest"/>
  <testcase name="testLoadByName" time="0.001" classname="io.swagger.codegen.CodegenConfigLoaderTest"/>
  <testcase name="testLoadByFullQualifiedName" time="0.001" classname="io.swagger.codegen.CodegenConfigLoaderTest"/>
  <testcase name="testLoadByFullQualifiedName" time="0.002" classname="io.swagger.codegen.CodegenConfigLoaderTest"/>
  <testcase name="testLoadByName" time="0.002" classname="io.swagger.codegen.CodegenConfigLoaderTest"/>
  <testcase name="testLoadByFullQualifiedName" time="0.004" classname="io.swagger.codegen.CodegenConfigLoaderTest"/>
  <testcase name="testLoadByName" time="0.001" classname="io.swagger.codegen.CodegenConfigLoaderTest"/>
  <testcase name="testLoadByName" time="0.001" classname="io.swagger.codegen.CodegenConfigLoaderTest"/>
  <testcase name="testLoadByName" time="0.001" classname="io.swagger.codegen.CodegenConfigLoaderTest"/>
  <testcase name="testLoadByName" time="0.001" classname="io.swagger.codegen.CodegenConfigLoaderTest"/>
  <testcase name="testLoadByName" time="0.001" classname="io.swagger.codegen.CodegenConfigLoaderTest"/>
  <testcase name="testLoadByName" time="0.001" classname="io.swagger.codegen.CodegenConfigLoaderTest"/>
  <testcase name="testLoadByFullQualifiedName" time="0.002" classname="io.swagger.codegen.CodegenConfigLoaderTest"/>
  <testcase name="testLoadByFullQualifiedName" time="0.001" classname="io.swagger.codegen.CodegenConfigLoaderTest"/>
  <testcase name="testLoadByName" time="0.001" classname="io.swagger.codegen.CodegenConfigLoaderTest"/>
</testsuite> <!-- io.swagger.codegen.CodegenConfigLoaderTest -->
