<?xml version="1.0" encoding="UTF-8"?>
<!-- Generated by org.testng.reporters.JUnitReportReporter -->
<testsuite hostname="biagimac.local" name="io.swagger.codegen.cmd.GenerateTest" tests="20" failures="0" timestamp="28 May 2019 10:40:23 GMT" time="0.301" errors="0">
  <testcase name="testConfig" time="0.006" classname="io.swagger.codegen.cmd.GenerateTest"/>
  <testcase name="testModelPackage" time="0.003" classname="io.swagger.codegen.cmd.GenerateTest"/>
  <testcase name="testVerbose" time="0.005" classname="io.swagger.codegen.cmd.GenerateTest"/>
  <testcase name="testImportMappings" time="0.005" classname="io.swagger.codegen.cmd.GenerateTest"/>
  <testcase name="testSkipOverwrite" time="0.006" classname="io.swagger.codegen.cmd.GenerateTest"/>
  <testcase name="testLanguageSpecificPrimitives" time="0.004" classname="io.swagger.codegen.cmd.GenerateTest"/>
  <testcase name="testLibrary" time="0.003" classname="io.swagger.codegen.cmd.GenerateTest"/>
  <testcase name="testAuth" time="0.011" classname="io.swagger.codegen.cmd.GenerateTest"/>
  <testcase name="testInstantiationTypes" time="0.003" classname="io.swagger.codegen.cmd.GenerateTest"/>
  <testcase name="testArtifactId" time="0.004" classname="io.swagger.codegen.cmd.GenerateTest"/>
  <testcase name="testInvokerPackage" time="0.004" classname="io.swagger.codegen.cmd.GenerateTest"/>
  <testcase name="testGroupId" time="0.003" classname="io.swagger.codegen.cmd.GenerateTest"/>
  <testcase name="testAdditionalProperties" time="0.217" classname="io.swagger.codegen.cmd.GenerateTest"/>
  <testcase name="testRequiredArgs_ShortArgs" time="0.002" classname="io.swagger.codegen.cmd.GenerateTest"/>
  <testcase name="testTypeMappings" time="0.004" classname="io.swagger.codegen.cmd.GenerateTest"/>
  <testcase name="testArtifactVersion" time="0.003" classname="io.swagger.codegen.cmd.GenerateTest"/>
  <testcase name="testSystemProperties" time="0.006" classname="io.swagger.codegen.cmd.GenerateTest"/>
  <testcase name="testTemplateDir" time="0.005" classname="io.swagger.codegen.cmd.GenerateTest"/>
  <testcase name="testApiPackage" time="0.004" classname="io.swagger.codegen.cmd.GenerateTest"/>
  <testcase name="testRequiredArgs_LongArgs" time="0.003" classname="io.swagger.codegen.cmd.GenerateTest"/>
</testsuite> <!-- io.swagger.codegen.cmd.GenerateTest -->
