<?xml version="1.0" encoding="UTF-8"?>
<!-- Generated by org.testng.reporters.JUnitReportReporter -->
<testsuite hostname="biagimac.local" name="io.swagger.codegen.cmd.utils.OptionUtilsTest" tests="2" failures="0" timestamp="28 May 2019 10:40:23 GMT" time="0.006" errors="0">
  <testcase name="testParseCommaSeparatedTuples" time="0.002" classname="io.swagger.codegen.cmd.utils.OptionUtilsTest"/>
  <testcase name="splitCommaSeparatedList" time="0.004" classname="io.swagger.codegen.cmd.utils.OptionUtilsTest"/>
</testsuite> <!-- io.swagger.codegen.cmd.utils.OptionUtilsTest -->
